<?xml version="1.0" encoding="UTF-8"?>
<!-- Generated by org.testng.reporters.JUnitReportReporter -->
<testsuite hostname="MCKL-20005052" failures="0" tests="2" name="com.webapp.test.amazon.MedicareHompageTest" time="9.367" errors="0" timestamp="2021-11-17T05:53:19 IST" skipped="0">
  <testcase classname="com.webapp.test.amazon.MedicareHompageTest" name="testHompageSource" time="4.098"/>
  <system-out/>
  <testcase classname="com.webapp.test.amazon.MedicareHompageTest" name="testMedicareHomepage" time="5.269"/>
  <system-out/>
</testsuite> <!-- com.webapp.test.amazon.MedicareHompageTest -->
