<?xml version="1.0" encoding="UTF-8"?>
<!-- Generated by org.testng.reporters.JUnitReportReporter -->
<testsuite hostname="MCKL-20005052" failures="0" tests="1" name="com.webapp.test.medicare.MedicareHompageTest" time="5.028" errors="0" timestamp="2021-11-17T07:20:56 IST" skipped="0">
  <testcase classname="com.webapp.test.medicare.MedicareHompageTest" name="testUserSignUp" time="5.028"/>
  <system-out/>
</testsuite> <!-- com.webapp.test.medicare.MedicareHompageTest -->
