<?xml version="1.0" encoding="UTF-8"?>
<!-- Generated by org.testng.reporters.JUnitReportReporter -->
<testsuite hostname="MCKL-20005052" failures="0" tests="8" name="com.webapp.test.medicare.MedicareAdminTest" time="46.857" errors="0" timestamp="2021-11-17T15:24:57 IST" skipped="0">
  <testcase classname="com.webapp.test.medicare.MedicareAdminTest" name="testAdminLogin" time="4.793"/>
  <system-out/>
  <testcase classname="com.webapp.test.medicare.MedicareAdminTest" name="testHompageSource" time="7.891"/>
  <system-out/>
  <testcase classname="com.webapp.test.medicare.MedicareAdminTest" name="testAdminViewProducts" time="9.888"/>
  <system-out/>
  <testcase classname="com.webapp.test.medicare.MedicareAdminTest" name="testAdminLoginElements" time="3.824"/>
  <system-out/>
  <testcase classname="com.webapp.test.medicare.MedicareAdminTest" name="testAboutButton" time="3.848"/>
  <system-out/>
  <testcase classname="com.webapp.test.medicare.MedicareAdminTest" name="testMedicareHomepage" time="3.740"/>
  <system-out/>
  <testcase classname="com.webapp.test.medicare.MedicareAdminTest" name="testAdminManageProducts" time="5.060"/>
  <system-out/>
  <testcase classname="com.webapp.test.medicare.MedicareAdminTest" name="testLoginButton" time="7.813"/>
  <system-out/>
</testsuite> <!-- com.webapp.test.medicare.MedicareAdminTest -->
