<?xml version="1.0" encoding="UTF-8"?>
<!-- Generated by org.testng.reporters.JUnitReportReporter -->
<testsuite hostname="MCKL-20005052" failures="0" tests="2" name="com.webapp.test.amazon.AmazonHompageTest" time="9.294" errors="0" timestamp="2021-11-17T05:51:40 IST" skipped="0">
  <testcase classname="com.webapp.test.amazon.AmazonHompageTest" name="testHompageSource" time="4.068"/>
  <system-out/>
  <testcase classname="com.webapp.test.amazon.AmazonHompageTest" name="testAmazonHomepage" time="5.226"/>
  <system-out/>
</testsuite> <!-- com.webapp.test.amazon.AmazonHompageTest -->
