<?xml version="1.0" encoding="UTF-8"?>
<!-- Generated by org.testng.reporters.JUnitReportReporter -->
<testsuite hostname="MCKL-20005052" failures="0" tests="3" name="com.webapp.test.TestNgStandardAnnotatedMethods" time="0.010" errors="0" timestamp="2021-11-17T05:45:28 IST" skipped="0">
  <testcase classname="com.webapp.test.TestNgStandardAnnotatedMethods" name="testThree" time="0.002"/>
  <system-out/>
  <testcase classname="com.webapp.test.TestNgStandardAnnotatedMethods" name="testTwo" time="0.003"/>
  <system-out/>
  <testcase classname="com.webapp.test.TestNgStandardAnnotatedMethods" name="testOne" time="0.005"/>
  <system-out/>
</testsuite> <!-- com.webapp.test.TestNgStandardAnnotatedMethods -->
