<?xml version="1.0" encoding="UTF-8"?>
<!-- Generated by org.testng.reporters.JUnitReportReporter -->
<testsuite hostname="MCKL-20005052" failures="0" tests="9" name="com.webapp.test.medicare.MedicareUserTest" time="46.078" errors="0" timestamp="2021-11-17T15:24:57 IST" skipped="0">
  <testcase classname="com.webapp.test.medicare.MedicareUserTest" name="testSignUpButton" time="3.926"/>
  <system-out/>
  <testcase classname="com.webapp.test.medicare.MedicareUserTest" name="testUserCart" time="6.599"/>
  <system-out/>
  <testcase classname="com.webapp.test.medicare.MedicareUserTest" name="testMedicareHomepage" time="3.463"/>
  <system-out/>
  <testcase classname="com.webapp.test.medicare.MedicareUserTest" name="testUserLoginElements" time="4.033"/>
  <system-out/>
  <testcase classname="com.webapp.test.medicare.MedicareUserTest" name="testUserLogin" time="4.768"/>
  <system-out/>
  <testcase classname="com.webapp.test.medicare.MedicareUserTest" name="testHompageSource" time="7.990"/>
  <system-out/>
  <testcase classname="com.webapp.test.medicare.MedicareUserTest" name="testUserSignUp" time="4.040"/>
  <system-out/>
  <testcase classname="com.webapp.test.medicare.MedicareUserTest" name="testLoginButton" time="7.843"/>
  <system-out/>
  <testcase classname="com.webapp.test.medicare.MedicareUserTest" name="testAboutButton" time="3.416"/>
  <system-out/>
</testsuite> <!-- com.webapp.test.medicare.MedicareUserTest -->
